# JRE version: OpenJDK Runtime Environment (8.0_242-b01) (build 1.8.0_242-release-1644-b01)
# Java VM: OpenJDK 64-Bit Server VM (25.242-b01 mixed mode windows-amd64 compressed oops)
Heap:
 PSYoungGen      total 387072K, used 331006K [0x00000000d5580000, 0x00000000ef300000, 0x0000000100000000)
  eden space 365568K, 90% used [0x00000000d5580000,0x00000000e98bf908,0x00000000eba80000)
  from space 21504K, 0% used [0x00000000ed500000,0x00000000ed500000,0x00000000eea00000)
  to   space 27136K, 0% used [0x00000000eba80000,0x00000000eba80000,0x00000000ed500000)
 ParOldGen       total 183296K, used 183072K [0x0000000080000000, 0x000000008b300000, 0x00000000d5580000)
  object space 183296K, 99% used [0x0000000080000000,0x000000008b2c8180,0x000000008b300000)
 Metaspace       used 78966K, capacity 83658K, committed 85400K, reserved 1122304K
  class space    used 10688K, capacity 11723K, committed 12208K, reserved 1048576K
GC Heap History (10 events):
Event: 82.688 GC heap before
{Heap before GC invocations=33 (full 17):
 PSYoungGen      total 387072K, used 359608K [0x00000000d5580000, 0x00000000ef300000, 0x0000000100000000)
  eden space 365568K, 98% used [0x00000000d5580000,0x00000000eb4ae3b0,0x00000000eba80000)
  from space 21504K, 0% used [0x00000000ed500000,0x00000000ed500000,0x00000000eea00000)
  to   space 27136K, 0% used [0x00000000eba80000,0x00000000eba80000,0x00000000ed500000)
 ParOldGen       total 183296K, used 182877K [0x0000000080000000, 0x000000008b300000, 0x00000000d5580000)
  object space 183296K, 99% used [0x0000000080000000,0x000000008b297710,0x000000008b300000)
 Metaspace       used 79305K, capacity 84780K, committed 84888K, reserved 1122304K
  class space    used 10887K, capacity 12131K, committed 12208K, reserved 1048576K
Event: 84.023 GC heap after
Heap after GC invocations=33 (full 17):
 PSYoungGen      total 387072K, used 337494K [0x00000000d5580000, 0x00000000ef300000, 0x0000000100000000)
  eden space 365568K, 92% used [0x00000000d5580000,0x00000000e9f159a0,0x00000000eba80000)
  from space 21504K, 0% used [0x00000000ed500000,0x00000000ed500000,0x00000000eea00000)
  to   space 27136K, 0% used [0x00000000eba80000,0x00000000eba80000,0x00000000ed500000)
 ParOldGen       total 183296K, used 182877K [0x0000000080000000, 0x000000008b300000, 0x00000000d5580000)
  object space 183296K, 99% used [0x0000000080000000,0x000000008b2976a8,0x000000008b300000)
 Metaspace       used 79305K, capacity 84780K, committed 84888K, reserved 1122304K
  class space    used 10887K, capacity 12131K, committed 12208K, reserved 1048576K
}
Event: 84.023 GC heap before
{Heap before GC invocations=34 (full 18):
 PSYoungGen      total 387072K, used 337494K [0x00000000d5580000, 0x00000000ef300000, 0x0000000100000000)
  eden space 365568K, 92% used [0x00000000d5580000,0x00000000e9f159a0,0x00000000eba80000)
  from space 21504K, 0% used [0x00000000ed500000,0x00000000ed500000,0x00000000eea00000)
  to   space 27136K, 0% used [0x00000000eba80000,0x00000000eba80000,0x00000000ed500000)
 ParOldGen       total 183296K, used 182877K [0x0000000080000000, 0x000000008b300000, 0x00000000d5580000)
  object space 183296K, 99% used [0x0000000080000000,0x000000008b2976a8,0x000000008b300000)
 Metaspace       used 79305K, capacity 84780K, committed 84888K, reserved 1122304K
  class space    used 10887K, capacity 12131K, committed 12208K, reserved 1048576K
Event: 85.466 GC heap after
Heap after GC invocations=34 (full 18):
 PSYoungGen      total 387072K, used 318546K [0x00000000d5580000, 0x00000000ef300000, 0x0000000100000000)
  eden space 365568K, 87% used [0x00000000d5580000,0x00000000e8c949d0,0x00000000eba80000)
  from space 21504K, 0% used [0x00000000ed500000,0x00000000ed500000,0x00000000eea00000)
  to   space 27136K, 0% used [0x00000000eba80000,0x00000000eba80000,0x00000000ed500000)
 ParOldGen       total 183296K, used 182903K [0x0000000080000000, 0x000000008b300000, 0x00000000d5580000)
  object space 183296K, 99% used [0x0000000080000000,0x000000008b29dc70,0x000000008b300000)
 Metaspace       used 78324K, capacity 82842K, committed 84888K, reserved 1122304K
  class space    used 10611K, capacity 11579K, committed 12208K, reserved 1048576K
}
Event: 85.498 GC heap before
{Heap before GC invocations=35 (full 19):
 PSYoungGen      total 387072K, used 351041K [0x00000000d5580000, 0x00000000ef300000, 0x0000000100000000)
  eden space 365568K, 96% used [0x00000000d5580000,0x00000000eac50648,0x00000000eba80000)
  from space 21504K, 0% used [0x00000000ed500000,0x00000000ed500000,0x00000000eea00000)
  to   space 27136K, 0% used [0x00000000eba80000,0x00000000eba80000,0x00000000ed500000)
 ParOldGen       total 183296K, used 182903K [0x0000000080000000, 0x000000008b300000, 0x00000000d5580000)
  object space 183296K, 99% used [0x0000000080000000,0x000000008b29dc70,0x000000008b300000)
 Metaspace       used 78324K, capacity 82842K, committed 84888K, reserved 1122304K
  class space    used 10611K, capacity 11579K, committed 12208K, reserved 1048576K
Event: 86.386 GC heap after
Heap after GC invocations=35 (full 19):
 PSYoungGen      total 387072K, used 317972K [0x00000000d5580000, 0x00000000ef300000, 0x0000000100000000)
  eden space 365568K, 86% used [0x00000000d5580000,0x00000000e8c052d8,0x00000000eba80000)
  from space 21504K, 0% used [0x00000000ed500000,0x00000000ed500000,0x00000000eea00000)
  to   space 27136K, 0% used [0x00000000eba80000,0x00000000eba80000,0x00000000ed500000)
 ParOldGen       total 183296K, used 183094K [0x0000000080000000, 0x000000008b300000, 0x00000000d5580000)
  object space 183296K, 99% used [0x0000000080000000,0x000000008b2cdb38,0x000000008b300000)
 Metaspace       used 78324K, capacity 82842K, committed 84888K, reserved 1122304K
  class space    used 10611K, capacity 11579K, committed 12208K, reserved 1048576K
}
Event: 91.138 GC heap before
{Heap before GC invocations=36 (full 20):
 PSYoungGen      total 387072K, used 365042K [0x00000000d5580000, 0x00000000ef300000, 0x0000000100000000)
  eden space 365568K, 99% used [0x00000000d5580000,0x00000000eb9fcbc0,0x00000000eba80000)
  from space 21504K, 0% used [0x00000000ed500000,0x00000000ed500000,0x00000000eea00000)
  to   space 27136K, 0% used [0x00000000eba80000,0x00000000eba80000,0x00000000ed500000)
 ParOldGen       total 183296K, used 183094K [0x0000000080000000, 0x000000008b300000, 0x00000000d5580000)
  object space 183296K, 99% used [0x0000000080000000,0x000000008b2cdb38,0x000000008b300000)
 Metaspace       used 78548K, capacity 83152K, committed 85144K, reserved 1122304K
  class space    used 10643K, capacity 11664K, committed 12208K, reserved 1048576K
Event: 92.453 GC heap after
Heap after GC invocations=36 (full 20):
 PSYoungGen      total 387072K, used 249513K [0x00000000d5580000, 0x00000000ef300000, 0x0000000100000000)
  eden space 365568K, 68% used [0x00000000d5580000,0x00000000e492a690,0x00000000eba80000)
  from space 21504K, 0% used [0x00000000ed500000,0x00000000ed500000,0x00000000eea00000)
  to   space 27136K, 0% used [0x00000000eba80000,0x00000000eba80000,0x00000000ed500000)
 ParOldGen       total 183296K, used 183090K [0x0000000080000000, 0x000000008b300000, 0x00000000d5580000)
  object space 183296K, 99% used [0x0000000080000000,0x000000008b2cc820,0x000000008b300000)
 Metaspace       used 78548K, capacity 83152K, committed 85144K, reserved 1122304K
  class space    used 10643K, capacity 11664K, committed 12208K, reserved 1048576K
}
Event: 92.992 GC heap before
{Heap before GC invocations=37 (full 21):
 PSYoungGen      total 387072K, used 365568K [0x00000000d5580000, 0x00000000ef300000, 0x0000000100000000)
  eden space 365568K, 100% used [0x00000000d5580000,0x00000000eba80000,0x00000000eba80000)
  from space 21504K, 0% used [0x00000000ed500000,0x00000000ed500000,0x00000000eea00000)
  to   space 27136K, 0% used [0x00000000eba80000,0x00000000eba80000,0x00000000ed500000)
 ParOldGen       total 183296K, used 183090K [0x0000000080000000, 0x000000008b300000, 0x00000000d5580000)
  object space 183296K, 99% used [0x0000000080000000,0x000000008b2cc820,0x000000008b300000)
 Metaspace       used 78770K, capacity 83446K, committed 85400K, reserved 1122304K
  class space    used 10667K, capacity 11673K, committed 12208K, reserved 1048576K
Event: 94.231 GC heap after
Heap after GC invocations=37 (full 21):
 PSYoungGen      total 387072K, used 270994K [0x00000000d5580000, 0x00000000ef300000, 0x0000000100000000)
  eden space 365568K, 74% used [0x00000000d5580000,0x00000000e5e24890,0x00000000eba80000)
  from space 21504K, 0% used [0x00000000ed500000,0x00000000ed500000,0x00000000eea00000)
  to   space 27136K, 0% used [0x00000000eba80000,0x00000000eba80000,0x00000000ed500000)
 ParOldGen       total 183296K, used 183072K [0x0000000080000000, 0x000000008b300000, 0x00000000d5580000)
  object space 183296K, 99% used [0x0000000080000000,0x000000008b2c8180,0x000000008b300000)
 Metaspace       used 78770K, capacity 83446K, committed 85400K, reserved 1122304K
  class space    used 10667K, capacity 11673K, committed 12208K, reserved 1048576K
}

