# JRE version: OpenJDK Runtime Environment (8.0_242-b01) (build 1.8.0_242-release-1644-b01)
# Java VM: OpenJDK 64-Bit Server VM (25.242-b01 mixed mode windows-amd64 compressed oops)
Heap:
 PSYoungGen      total 433152K, used 323200K [0x00000000d5580000, 0x00000000fb980000, 0x0000000100000000)
  eden space 375296K, 86% used [0x00000000d5580000,0x00000000e91201b8,0x00000000ec400000)
  from space 57856K, 0% used [0x00000000f2600000,0x00000000f2600000,0x00000000f5e80000)
  to   space 100352K, 0% used [0x00000000ec400000,0x00000000ec400000,0x00000000f2600000)
 ParOldGen       total 219648K, used 219342K [0x0000000080000000, 0x000000008d680000, 0x00000000d5580000)
  object space 219648K, 99% used [0x0000000080000000,0x000000008d633b60,0x000000008d680000)
 Metaspace       used 79313K, capacity 84866K, committed 85144K, reserved 1122304K
  class space    used 10890K, capacity 12162K, committed 12208K, reserved 1048576K
GC Heap History (10 events):
Event: 74.225 GC heap before
{Heap before GC invocations=19 (full 4):
 PSYoungGen      total 392704K, used 385880K [0x00000000d5580000, 0x00000000f2780000, 0x0000000100000000)
  eden space 351232K, 100% used [0x00000000d5580000,0x00000000eac80000,0x00000000eac80000)
  from space 41472K, 83% used [0x00000000ee580000,0x00000000f07560f0,0x00000000f0e00000)
  to   space 58368K, 0% used [0x00000000eac80000,0x00000000eac80000,0x00000000ee580000)
 ParOldGen       total 196608K, used 99232K [0x0000000080000000, 0x000000008c000000, 0x00000000d5580000)
  object space 196608K, 50% used [0x0000000080000000,0x00000000860e80d0,0x000000008c000000)
 Metaspace       used 78539K, capacity 84058K, committed 84376K, reserved 1122304K
  class space    used 10834K, capacity 12090K, committed 12208K, reserved 1048576K
Event: 74.336 GC heap after
Heap after GC invocations=19 (full 4):
 PSYoungGen      total 409600K, used 28726K [0x00000000d5580000, 0x00000000f5e80000, 0x0000000100000000)
  eden space 351232K, 0% used [0x00000000d5580000,0x00000000d5580000,0x00000000eac80000)
  from space 58368K, 49% used [0x00000000eac80000,0x00000000ec88d9d8,0x00000000ee580000)
  to   space 57856K, 0% used [0x00000000f2600000,0x00000000f2600000,0x00000000f5e80000)
 ParOldGen       total 196608K, used 130757K [0x0000000080000000, 0x000000008c000000, 0x00000000d5580000)
  object space 196608K, 66% used [0x0000000080000000,0x0000000087fb1780,0x000000008c000000)
 Metaspace       used 78539K, capacity 84058K, committed 84376K, reserved 1122304K
  class space    used 10834K, capacity 12090K, committed 12208K, reserved 1048576K
}
Event: 79.903 GC heap before
{Heap before GC invocations=20 (full 4):
 PSYoungGen      total 409600K, used 379958K [0x00000000d5580000, 0x00000000f5e80000, 0x0000000100000000)
  eden space 351232K, 100% used [0x00000000d5580000,0x00000000eac80000,0x00000000eac80000)
  from space 58368K, 49% used [0x00000000eac80000,0x00000000ec88d9d8,0x00000000ee580000)
  to   space 57856K, 0% used [0x00000000f2600000,0x00000000f2600000,0x00000000f5e80000)
 ParOldGen       total 196608K, used 130757K [0x0000000080000000, 0x000000008c000000, 0x00000000d5580000)
  object space 196608K, 66% used [0x0000000080000000,0x0000000087fb1780,0x000000008c000000)
 Metaspace       used 78929K, capacity 84494K, committed 84632K, reserved 1122304K
  class space    used 10856K, capacity 12126K, committed 12208K, reserved 1048576K
Event: 80.105 GC heap after
Heap after GC invocations=20 (full 4):
 PSYoungGen      total 433152K, used 57848K [0x00000000d5580000, 0x00000000fb980000, 0x0000000100000000)
  eden space 375296K, 0% used [0x00000000d5580000,0x00000000d5580000,0x00000000ec400000)
  from space 57856K, 99% used [0x00000000f2600000,0x00000000f5e7e248,0x00000000f5e80000)
  to   space 100352K, 0% used [0x00000000ec400000,0x00000000ec400000,0x00000000f2600000)
 ParOldGen       total 219648K, used 219357K [0x0000000080000000, 0x000000008d680000, 0x00000000d5580000)
  object space 219648K, 99% used [0x0000000080000000,0x000000008d637530,0x000000008d680000)
 Metaspace       used 78929K, capacity 84494K, committed 84632K, reserved 1122304K
  class space    used 10856K, capacity 12126K, committed 12208K, reserved 1048576K
}
Event: 80.105 GC heap before
{Heap before GC invocations=21 (full 5):
 PSYoungGen      total 433152K, used 57848K [0x00000000d5580000, 0x00000000fb980000, 0x0000000100000000)
  eden space 375296K, 0% used [0x00000000d5580000,0x00000000d5580000,0x00000000ec400000)
  from space 57856K, 99% used [0x00000000f2600000,0x00000000f5e7e248,0x00000000f5e80000)
  to   space 100352K, 0% used [0x00000000ec400000,0x00000000ec400000,0x00000000f2600000)
 ParOldGen       total 219648K, used 219357K [0x0000000080000000, 0x000000008d680000, 0x00000000d5580000)
  object space 219648K, 99% used [0x0000000080000000,0x000000008d637530,0x000000008d680000)
 Metaspace       used 78929K, capacity 84494K, committed 84632K, reserved 1122304K
  class space    used 10856K, capacity 12126K, committed 12208K, reserved 1048576K
Event: 81.604 GC heap after
Heap after GC invocations=21 (full 5):
 PSYoungGen      total 433152K, used 50765K [0x00000000d5580000, 0x00000000fb980000, 0x0000000100000000)
  eden space 375296K, 0% used [0x00000000d5580000,0x00000000d5580000,0x00000000ec400000)
  from space 57856K, 87% used [0x00000000f2600000,0x00000000f5793698,0x00000000f5e80000)
  to   space 100352K, 0% used [0x00000000ec400000,0x00000000ec400000,0x00000000f2600000)
 ParOldGen       total 219648K, used 219611K [0x0000000080000000, 0x000000008d680000, 0x00000000d5580000)
  object space 219648K, 99% used [0x0000000080000000,0x000000008d676c50,0x000000008d680000)
 Metaspace       used 78929K, capacity 84494K, committed 84632K, reserved 1122304K
  class space    used 10856K, capacity 12126K, committed 12208K, reserved 1048576K
}
Event: 84.297 GC heap before
{Heap before GC invocations=22 (full 6):
 PSYoungGen      total 433152K, used 426061K [0x00000000d5580000, 0x00000000fb980000, 0x0000000100000000)
  eden space 375296K, 100% used [0x00000000d5580000,0x00000000ec400000,0x00000000ec400000)
  from space 57856K, 87% used [0x00000000f2600000,0x00000000f5793698,0x00000000f5e80000)
  to   space 100352K, 0% used [0x00000000ec400000,0x00000000ec400000,0x00000000f2600000)
 ParOldGen       total 219648K, used 219611K [0x0000000080000000, 0x000000008d680000, 0x00000000d5580000)
  object space 219648K, 99% used [0x0000000080000000,0x000000008d676c50,0x000000008d680000)
 Metaspace       used 79208K, capacity 84756K, committed 84888K, reserved 1122304K
  class space    used 10880K, capacity 12127K, committed 12208K, reserved 1048576K
Event: 86.106 GC heap after
Heap after GC invocations=22 (full 6):
 PSYoungGen      total 433152K, used 198914K [0x00000000d5580000, 0x00000000fb980000, 0x0000000100000000)
  eden space 375296K, 53% used [0x00000000d5580000,0x00000000e17c0b68,0x00000000ec400000)
  from space 57856K, 0% used [0x00000000f2600000,0x00000000f2600000,0x00000000f5e80000)
  to   space 100352K, 0% used [0x00000000ec400000,0x00000000ec400000,0x00000000f2600000)
 ParOldGen       total 219648K, used 219342K [0x0000000080000000, 0x000000008d680000, 0x00000000d5580000)
  object space 219648K, 99% used [0x0000000080000000,0x000000008d633b60,0x000000008d680000)
 Metaspace       used 79208K, capacity 84756K, committed 84888K, reserved 1122304K
  class space    used 10880K, capacity 12127K, committed 12208K, reserved 1048576K
}
Event: 87.049 GC heap before
{Heap before GC invocations=23 (full 7):
 PSYoungGen      total 433152K, used 375296K [0x00000000d5580000, 0x00000000fb980000, 0x0000000100000000)
  eden space 375296K, 100% used [0x00000000d5580000,0x00000000ec400000,0x00000000ec400000)
  from space 57856K, 0% used [0x00000000f2600000,0x00000000f2600000,0x00000000f5e80000)
  to   space 100352K, 0% used [0x00000000ec400000,0x00000000ec400000,0x00000000f2600000)
 ParOldGen       total 219648K, used 219342K [0x0000000080000000, 0x000000008d680000, 0x00000000d5580000)
  object space 219648K, 99% used [0x0000000080000000,0x000000008d633b60,0x000000008d680000)
 Metaspace       used 79252K, capacity 84796K, committed 84888K, reserved 1122304K
  class space    used 10883K, capacity 12161K, committed 12208K, reserved 1048576K
Event: 88.373 GC heap after
Heap after GC invocations=23 (full 7):
 PSYoungGen      total 433152K, used 234953K [0x00000000d5580000, 0x00000000fb980000, 0x0000000100000000)
  eden space 375296K, 62% used [0x00000000d5580000,0x00000000e3af2498,0x00000000ec400000)
  from space 57856K, 0% used [0x00000000f2600000,0x00000000f2600000,0x00000000f5e80000)
  to   space 100352K, 0% used [0x00000000ec400000,0x00000000ec400000,0x00000000f2600000)
 ParOldGen       total 219648K, used 219342K [0x0000000080000000, 0x000000008d680000, 0x00000000d5580000)
  object space 219648K, 99% used [0x0000000080000000,0x000000008d633b60,0x000000008d680000)
 Metaspace       used 79252K, capacity 84796K, committed 84888K, reserved 1122304K
  class space    used 10883K, capacity 12161K, committed 12208K, reserved 1048576K
}

