# JRE version: OpenJDK Runtime Environment (8.0_242-b01) (build 1.8.0_242-release-1644-b01)
# Java VM: OpenJDK 64-Bit Server VM (25.242-b01 mixed mode windows-amd64 compressed oops)
Heap:
 PSYoungGen      total 372224K, used 55569K [0x00000000d5580000, 0x00000000ed980000, 0x0000000100000000)
  eden space 347136K, 11% used [0x00000000d5580000,0x00000000d7accde8,0x00000000ea880000)
  from space 25088K, 69% used [0x00000000ea880000,0x00000000eb977768,0x00000000ec100000)
  to   space 19968K, 0% used [0x00000000ec480000,0x00000000ec480000,0x00000000ed800000)
 ParOldGen       total 153088K, used 84195K [0x0000000080000000, 0x0000000089580000, 0x00000000d5580000)
  object space 153088K, 54% used [0x0000000080000000,0x0000000085238c48,0x0000000089580000)
 Metaspace       used 73901K, capacity 78762K, committed 78872K, reserved 1116160K
  class space    used 10396K, capacity 11558K, committed 11568K, reserved 1048576K
GC Heap History (10 events):
Event: 29.695 GC heap before
{Heap before GC invocations=15 (full 2):
 PSYoungGen      total 269824K, used 103968K [0x00000000d5580000, 0x00000000e7800000, 0x0000000100000000)
  eden space 254976K, 34% used [0x00000000d5580000,0x00000000dac89e40,0x00000000e4e80000)
  from space 14848K, 99% used [0x00000000e6300000,0x00000000e717e590,0x00000000e7180000)
  to   space 20992K, 0% used [0x00000000e4e80000,0x00000000e4e80000,0x00000000e6300000)
 ParOldGen       total 43520K, used 25965K [0x0000000080000000, 0x0000000082a80000, 0x00000000d5580000)
  object space 43520K, 59% used [0x0000000080000000,0x000000008195b7a0,0x0000000082a80000)
 Metaspace       used 56350K, capacity 59118K, committed 59160K, reserved 1099776K
  class space    used 7644K, capacity 8230K, committed 8240K, reserved 1048576K
Event: 29.735 GC heap after
Heap after GC invocations=15 (full 2):
 PSYoungGen      total 275968K, used 8051K [0x00000000d5580000, 0x00000000ed800000, 0x0000000100000000)
  eden space 254976K, 0% used [0x00000000d5580000,0x00000000d5580000,0x00000000e4e80000)
  from space 20992K, 38% used [0x00000000e4e80000,0x00000000e565cc80,0x00000000e6300000)
  to   space 19968K, 0% used [0x00000000ec480000,0x00000000ec480000,0x00000000ed800000)
 ParOldGen       total 43520K, used 34130K [0x0000000080000000, 0x0000000082a80000, 0x00000000d5580000)
  object space 43520K, 78% used [0x0000000080000000,0x0000000082154950,0x0000000082a80000)
 Metaspace       used 56350K, capacity 59118K, committed 59160K, reserved 1099776K
  class space    used 7644K, capacity 8230K, committed 8240K, reserved 1048576K
}
Event: 29.735 GC heap before
{Heap before GC invocations=16 (full 3):
 PSYoungGen      total 275968K, used 8051K [0x00000000d5580000, 0x00000000ed800000, 0x0000000100000000)
  eden space 254976K, 0% used [0x00000000d5580000,0x00000000d5580000,0x00000000e4e80000)
  from space 20992K, 38% used [0x00000000e4e80000,0x00000000e565cc80,0x00000000e6300000)
  to   space 19968K, 0% used [0x00000000ec480000,0x00000000ec480000,0x00000000ed800000)
 ParOldGen       total 43520K, used 34130K [0x0000000080000000, 0x0000000082a80000, 0x00000000d5580000)
  object space 43520K, 78% used [0x0000000080000000,0x0000000082154950,0x0000000082a80000)
 Metaspace       used 56350K, capacity 59118K, committed 59160K, reserved 1099776K
  class space    used 7644K, capacity 8230K, committed 8240K, reserved 1048576K
Event: 30.061 GC heap after
Heap after GC invocations=16 (full 3):
 PSYoungGen      total 275968K, used 0K [0x00000000d5580000, 0x00000000ed800000, 0x0000000100000000)
  eden space 254976K, 0% used [0x00000000d5580000,0x00000000d5580000,0x00000000e4e80000)
  from space 20992K, 0% used [0x00000000e4e80000,0x00000000e4e80000,0x00000000e6300000)
  to   space 19968K, 0% used [0x00000000ec480000,0x00000000ec480000,0x00000000ed800000)
 ParOldGen       total 78848K, used 36314K [0x0000000080000000, 0x0000000084d00000, 0x00000000d5580000)
  object space 78848K, 46% used [0x0000000080000000,0x0000000082376b80,0x0000000084d00000)
 Metaspace       used 56341K, capacity 59088K, committed 59160K, reserved 1099776K
  class space    used 7642K, capacity 8225K, committed 8240K, reserved 1048576K
}
Event: 33.894 GC heap before
{Heap before GC invocations=17 (full 3):
 PSYoungGen      total 275968K, used 254976K [0x00000000d5580000, 0x00000000ed800000, 0x0000000100000000)
  eden space 254976K, 100% used [0x00000000d5580000,0x00000000e4e80000,0x00000000e4e80000)
  from space 20992K, 0% used [0x00000000e4e80000,0x00000000e4e80000,0x00000000e6300000)
  to   space 19968K, 0% used [0x00000000ec480000,0x00000000ec480000,0x00000000ed800000)
 ParOldGen       total 78848K, used 36314K [0x0000000080000000, 0x0000000084d00000, 0x00000000d5580000)
  object space 78848K, 46% used [0x0000000080000000,0x0000000082376b80,0x0000000084d00000)
 Metaspace       used 63445K, capacity 66744K, committed 66968K, reserved 1105920K
  class space    used 8848K, capacity 9613K, committed 9648K, reserved 1048576K
Event: 33.988 GC heap after
Heap after GC invocations=17 (full 3):
 PSYoungGen      total 367104K, used 19936K [0x00000000d5580000, 0x00000000ed980000, 0x0000000100000000)
  eden space 347136K, 0% used [0x00000000d5580000,0x00000000d5580000,0x00000000ea880000)
  from space 19968K, 99% used [0x00000000ec480000,0x00000000ed7f8040,0x00000000ed800000)
  to   space 25088K, 0% used [0x00000000ea880000,0x00000000ea880000,0x00000000ec100000)
 ParOldGen       total 78848K, used 41255K [0x0000000080000000, 0x0000000084d00000, 0x00000000d5580000)
  object space 78848K, 52% used [0x0000000080000000,0x0000000082849c10,0x0000000084d00000)
 Metaspace       used 63445K, capacity 66744K, committed 66968K, reserved 1105920K
  class space    used 8848K, capacity 9613K, committed 9648K, reserved 1048576K
}
Event: 44.038 GC heap before
{Heap before GC invocations=18 (full 3):
 PSYoungGen      total 367104K, used 367072K [0x00000000d5580000, 0x00000000ed980000, 0x0000000100000000)
  eden space 347136K, 100% used [0x00000000d5580000,0x00000000ea880000,0x00000000ea880000)
  from space 19968K, 99% used [0x00000000ec480000,0x00000000ed7f8040,0x00000000ed800000)
  to   space 25088K, 0% used [0x00000000ea880000,0x00000000ea880000,0x00000000ec100000)
 ParOldGen       total 78848K, used 41255K [0x0000000080000000, 0x0000000084d00000, 0x00000000d5580000)
  object space 78848K, 52% used [0x0000000080000000,0x0000000082849c10,0x0000000084d00000)
 Metaspace       used 73580K, capacity 78330K, committed 78616K, reserved 1116160K
  class space    used 10353K, capacity 11508K, committed 11568K, reserved 1048576K
Event: 44.130 GC heap after
Heap after GC invocations=18 (full 3):
 PSYoungGen      total 372224K, used 25081K [0x00000000d5580000, 0x00000000ed980000, 0x0000000100000000)
  eden space 347136K, 0% used [0x00000000d5580000,0x00000000d5580000,0x00000000ea880000)
  from space 25088K, 99% used [0x00000000ea880000,0x00000000ec0fe448,0x00000000ec100000)
  to   space 19968K, 0% used [0x00000000ec480000,0x00000000ec480000,0x00000000ed800000)
 ParOldGen       total 84480K, used 83704K [0x0000000080000000, 0x0000000085280000, 0x00000000d5580000)
  object space 84480K, 99% used [0x0000000080000000,0x00000000851be128,0x0000000085280000)
 Metaspace       used 73580K, capacity 78330K, committed 78616K, reserved 1116160K
  class space    used 10353K, capacity 11508K, committed 11568K, reserved 1048576K
}
Event: 44.130 GC heap before
{Heap before GC invocations=19 (full 4):
 PSYoungGen      total 372224K, used 25081K [0x00000000d5580000, 0x00000000ed980000, 0x0000000100000000)
  eden space 347136K, 0% used [0x00000000d5580000,0x00000000d5580000,0x00000000ea880000)
  from space 25088K, 99% used [0x00000000ea880000,0x00000000ec0fe448,0x00000000ec100000)
  to   space 19968K, 0% used [0x00000000ec480000,0x00000000ec480000,0x00000000ed800000)
 ParOldGen       total 84480K, used 83704K [0x0000000080000000, 0x0000000085280000, 0x00000000d5580000)
  object space 84480K, 99% used [0x0000000080000000,0x00000000851be128,0x0000000085280000)
 Metaspace       used 73580K, capacity 78330K, committed 78616K, reserved 1116160K
  class space    used 10353K, capacity 11508K, committed 11568K, reserved 1048576K
Event: 45.025 GC heap after
Heap after GC invocations=19 (full 4):
 PSYoungGen      total 372224K, used 17373K [0x00000000d5580000, 0x00000000ed980000, 0x0000000100000000)
  eden space 347136K, 0% used [0x00000000d5580000,0x00000000d5580000,0x00000000ea880000)
  from space 25088K, 69% used [0x00000000ea880000,0x00000000eb977768,0x00000000ec100000)
  to   space 19968K, 0% used [0x00000000ec480000,0x00000000ec480000,0x00000000ed800000)
 ParOldGen       total 153088K, used 84195K [0x0000000080000000, 0x0000000089580000, 0x00000000d5580000)
  object space 153088K, 54% used [0x0000000080000000,0x0000000085238c48,0x0000000089580000)
 Metaspace       used 73580K, capacity 78330K, committed 78616K, reserved 1116160K
  class space    used 10353K, capacity 11508K, committed 11568K, reserved 1048576K
}

