# JRE version: OpenJDK Runtime Environment (8.0_242-b01) (build 1.8.0_242-release-1644-b01)
# Java VM: OpenJDK 64-Bit Server VM (25.242-b01 mixed mode windows-amd64 compressed oops)
Heap:
 PSYoungGen      total 465920K, used 173166K [0x00000000d5580000, 0x0000000100000000, 0x0000000100000000)
  eden space 232960K, 72% used [0x00000000d5580000,0x00000000df9bccd0,0x00000000e3900000)
  from space 232960K, 2% used [0x00000000f1c80000,0x00000000f215ede8,0x0000000100000000)
  to   space 232960K, 0% used [0x00000000e3900000,0x00000000e3900000,0x00000000f1c80000)
 ParOldGen       total 814080K, used 598902K [0x0000000080000000, 0x00000000b1b00000, 0x00000000d5580000)
  object space 814080K, 73% used [0x0000000080000000,0x00000000a48dda48,0x00000000b1b00000)
 Metaspace       used 102231K, capacity 109206K, committed 109464K, reserved 1144832K
  class space    used 13513K, capacity 14985K, committed 15024K, reserved 1048576K
GC Heap History (10 events):
Event: 221.955 GC heap before
{Heap before GC invocations=55 (full 8):
 PSYoungGen      total 465920K, used 305296K [0x00000000d5580000, 0x0000000100000000, 0x0000000100000000)
  eden space 232960K, 100% used [0x00000000d5580000,0x00000000e3900000,0x00000000e3900000)
  from space 232960K, 31% used [0x00000000f1c80000,0x00000000f6324378,0x0000000100000000)
  to   space 232960K, 0% used [0x00000000e3900000,0x00000000e3900000,0x00000000f1c80000)
 ParOldGen       total 599040K, used 426858K [0x0000000080000000, 0x00000000a4900000, 0x00000000d5580000)
  object space 599040K, 71% used [0x0000000080000000,0x000000009a0da8b8,0x00000000a4900000)
 Metaspace       used 102028K, capacity 108976K, committed 109208K, reserved 1142784K
  class space    used 13505K, capacity 14980K, committed 15024K, reserved 1048576K
Event: 222.089 GC heap after
Heap after GC invocations=55 (full 8):
 PSYoungGen      total 465920K, used 56300K [0x00000000d5580000, 0x0000000100000000, 0x0000000100000000)
  eden space 232960K, 0% used [0x00000000d5580000,0x00000000d5580000,0x00000000e3900000)
  from space 232960K, 24% used [0x00000000e3900000,0x00000000e6ffb3a8,0x00000000f1c80000)
  to   space 232960K, 0% used [0x00000000f1c80000,0x00000000f1c80000,0x0000000100000000)
 ParOldGen       total 599040K, used 456475K [0x0000000080000000, 0x00000000a4900000, 0x00000000d5580000)
  object space 599040K, 76% used [0x0000000080000000,0x000000009bdc6ff0,0x00000000a4900000)
 Metaspace       used 102028K, capacity 108976K, committed 109208K, reserved 1142784K
  class space    used 13505K, capacity 14980K, committed 15024K, reserved 1048576K
}
Event: 223.173 GC heap before
{Heap before GC invocations=56 (full 8):
 PSYoungGen      total 465920K, used 289260K [0x00000000d5580000, 0x0000000100000000, 0x0000000100000000)
  eden space 232960K, 100% used [0x00000000d5580000,0x00000000e3900000,0x00000000e3900000)
  from space 232960K, 24% used [0x00000000e3900000,0x00000000e6ffb3a8,0x00000000f1c80000)
  to   space 232960K, 0% used [0x00000000f1c80000,0x00000000f1c80000,0x0000000100000000)
 ParOldGen       total 599040K, used 456475K [0x0000000080000000, 0x00000000a4900000, 0x00000000d5580000)
  object space 599040K, 76% used [0x0000000080000000,0x000000009bdc6ff0,0x00000000a4900000)
 Metaspace       used 102085K, capacity 109048K, committed 109208K, reserved 1142784K
  class space    used 13505K, capacity 14980K, committed 15024K, reserved 1048576K
Event: 223.278 GC heap after
Heap after GC invocations=56 (full 8):
 PSYoungGen      total 465920K, used 65296K [0x00000000d5580000, 0x0000000100000000, 0x0000000100000000)
  eden space 232960K, 0% used [0x00000000d5580000,0x00000000d5580000,0x00000000e3900000)
  from space 232960K, 28% used [0x00000000f1c80000,0x00000000f5c443a8,0x0000000100000000)
  to   space 232960K, 0% used [0x00000000e3900000,0x00000000e3900000,0x00000000f1c80000)
 ParOldGen       total 599040K, used 479140K [0x0000000080000000, 0x00000000a4900000, 0x00000000d5580000)
  object space 599040K, 79% used [0x0000000080000000,0x000000009d3e9010,0x00000000a4900000)
 Metaspace       used 102085K, capacity 109048K, committed 109208K, reserved 1142784K
  class space    used 13505K, capacity 14980K, committed 15024K, reserved 1048576K
}
Event: 224.409 GC heap before
{Heap before GC invocations=57 (full 8):
 PSYoungGen      total 465920K, used 298256K [0x00000000d5580000, 0x0000000100000000, 0x0000000100000000)
  eden space 232960K, 100% used [0x00000000d5580000,0x00000000e3900000,0x00000000e3900000)
  from space 232960K, 28% used [0x00000000f1c80000,0x00000000f5c443a8,0x0000000100000000)
  to   space 232960K, 0% used [0x00000000e3900000,0x00000000e3900000,0x00000000f1c80000)
 ParOldGen       total 599040K, used 479140K [0x0000000080000000, 0x00000000a4900000, 0x00000000d5580000)
  object space 599040K, 79% used [0x0000000080000000,0x000000009d3e9010,0x00000000a4900000)
 Metaspace       used 102172K, capacity 109122K, committed 109208K, reserved 1142784K
  class space    used 13506K, capacity 14981K, committed 15024K, reserved 1048576K
Event: 224.537 GC heap after
Heap after GC invocations=57 (full 8):
 PSYoungGen      total 465920K, used 66452K [0x00000000d5580000, 0x0000000100000000, 0x0000000100000000)
  eden space 232960K, 0% used [0x00000000d5580000,0x00000000d5580000,0x00000000e3900000)
  from space 232960K, 28% used [0x00000000e3900000,0x00000000e79e5030,0x00000000f1c80000)
  to   space 232960K, 0% used [0x00000000f1c80000,0x00000000f1c80000,0x0000000100000000)
 ParOldGen       total 599040K, used 512065K [0x0000000080000000, 0x00000000a4900000, 0x00000000d5580000)
  object space 599040K, 85% used [0x0000000080000000,0x000000009f4105b8,0x00000000a4900000)
 Metaspace       used 102172K, capacity 109122K, committed 109208K, reserved 1142784K
  class space    used 13506K, capacity 14981K, committed 15024K, reserved 1048576K
}
Event: 225.798 GC heap before
{Heap before GC invocations=58 (full 8):
 PSYoungGen      total 465920K, used 299412K [0x00000000d5580000, 0x0000000100000000, 0x0000000100000000)
  eden space 232960K, 100% used [0x00000000d5580000,0x00000000e3900000,0x00000000e3900000)
  from space 232960K, 28% used [0x00000000e3900000,0x00000000e79e5030,0x00000000f1c80000)
  to   space 232960K, 0% used [0x00000000f1c80000,0x00000000f1c80000,0x0000000100000000)
 ParOldGen       total 599040K, used 512065K [0x0000000080000000, 0x00000000a4900000, 0x00000000d5580000)
  object space 599040K, 85% used [0x0000000080000000,0x000000009f4105b8,0x00000000a4900000)
 Metaspace       used 102183K, capacity 109122K, committed 109208K, reserved 1142784K
  class space    used 13507K, capacity 14981K, committed 15024K, reserved 1048576K
Event: 225.955 GC heap after
Heap after GC invocations=58 (full 8):
 PSYoungGen      total 465920K, used 46560K [0x00000000d5580000, 0x0000000100000000, 0x0000000100000000)
  eden space 232960K, 0% used [0x00000000d5580000,0x00000000d5580000,0x00000000e3900000)
  from space 232960K, 19% used [0x00000000f1c80000,0x00000000f49f8110,0x0000000100000000)
  to   space 232960K, 0% used [0x00000000e3900000,0x00000000e3900000,0x00000000f1c80000)
 ParOldGen       total 599040K, used 580112K [0x0000000080000000, 0x00000000a4900000, 0x00000000d5580000)
  object space 599040K, 96% used [0x0000000080000000,0x00000000a3684010,0x00000000a4900000)
 Metaspace       used 102183K, capacity 109122K, committed 109208K, reserved 1142784K
  class space    used 13507K, capacity 14981K, committed 15024K, reserved 1048576K
}
Event: 225.955 GC heap before
{Heap before GC invocations=59 (full 9):
 PSYoungGen      total 465920K, used 46560K [0x00000000d5580000, 0x0000000100000000, 0x0000000100000000)
  eden space 232960K, 0% used [0x00000000d5580000,0x00000000d5580000,0x00000000e3900000)
  from space 232960K, 19% used [0x00000000f1c80000,0x00000000f49f8110,0x0000000100000000)
  to   space 232960K, 0% used [0x00000000e3900000,0x00000000e3900000,0x00000000f1c80000)
 ParOldGen       total 599040K, used 580112K [0x0000000080000000, 0x00000000a4900000, 0x00000000d5580000)
  object space 599040K, 96% used [0x0000000080000000,0x00000000a3684010,0x00000000a4900000)
 Metaspace       used 102183K, capacity 109122K, committed 109208K, reserved 1142784K
  class space    used 13507K, capacity 14981K, committed 15024K, reserved 1048576K
Event: 229.025 GC heap after
Heap after GC invocations=59 (full 9):
 PSYoungGen      total 465920K, used 4987K [0x00000000d5580000, 0x0000000100000000, 0x0000000100000000)
  eden space 232960K, 0% used [0x00000000d5580000,0x00000000d5580000,0x00000000e3900000)
  from space 232960K, 2% used [0x00000000f1c80000,0x00000000f215ede8,0x0000000100000000)
  to   space 232960K, 0% used [0x00000000e3900000,0x00000000e3900000,0x00000000f1c80000)
 ParOldGen       total 814080K, used 598902K [0x0000000080000000, 0x00000000b1b00000, 0x00000000d5580000)
  object space 814080K, 73% used [0x0000000080000000,0x00000000a48dda48,0x00000000b1b00000)
 Metaspace       used 102183K, capacity 109122K, committed 109208K, reserved 1142784K
  class space    used 13507K, capacity 14981K, committed 15024K, reserved 1048576K
}

