# JRE version: OpenJDK Runtime Environment (8.0_242-b01) (build 1.8.0_242-release-1644-b01)
# Java VM: OpenJDK 64-Bit Server VM (25.242-b01 mixed mode windows-amd64 compressed oops)
Heap:
 PSYoungGen      total 459264K, used 74143K [0x00000000d5580000, 0x00000000f8580000, 0x0000000100000000)
  eden space 400384K, 14% used [0x00000000d5580000,0x00000000d8dd79f0,0x00000000edc80000)
  from space 58880K, 27% used [0x00000000edc80000,0x00000000eec90210,0x00000000f1600000)
  to   space 60928K, 0% used [0x00000000f4a00000,0x00000000f4a00000,0x00000000f8580000)
 ParOldGen       total 250368K, used 152132K [0x0000000080000000, 0x000000008f480000, 0x00000000d5580000)
  object space 250368K, 60% used [0x0000000080000000,0x00000000894912b8,0x000000008f480000)
 Metaspace       used 78914K, capacity 84428K, committed 84632K, reserved 1122304K
  class space    used 10853K, capacity 12125K, committed 12208K, reserved 1048576K
GC Heap History (10 events):
Event: 22.546 GC heap before
{Heap before GC invocations=18 (full 3):
 PSYoungGen      total 347648K, used 347639K [0x00000000d5580000, 0x00000000ec780000, 0x0000000100000000)
  eden space 327168K, 100% used [0x00000000d5580000,0x00000000e9500000,0x00000000e9500000)
  from space 20480K, 99% used [0x00000000eae00000,0x00000000ec1fdf08,0x00000000ec200000)
  to   space 25600K, 0% used [0x00000000e9500000,0x00000000e9500000,0x00000000eae00000)
 ParOldGen       total 81920K, used 40084K [0x0000000080000000, 0x0000000085000000, 0x00000000d5580000)
  object space 81920K, 48% used [0x0000000080000000,0x0000000082725128,0x0000000085000000)
 Metaspace       used 72406K, capacity 77110K, committed 77464K, reserved 1116160K
  class space    used 10199K, capacity 11368K, committed 11440K, reserved 1048576K
Event: 22.657 GC heap after
Heap after GC invocations=18 (full 3):
 PSYoungGen      total 352768K, used 25571K [0x00000000d5580000, 0x00000000f4480000, 0x0000000100000000)
  eden space 327168K, 0% used [0x00000000d5580000,0x00000000d5580000,0x00000000e9500000)
  from space 25600K, 99% used [0x00000000e9500000,0x00000000eadf8f88,0x00000000eae00000)
  to   space 44032K, 0% used [0x00000000f1980000,0x00000000f1980000,0x00000000f4480000)
 ParOldGen       total 81920K, used 79326K [0x0000000080000000, 0x0000000085000000, 0x00000000d5580000)
  object space 81920K, 96% used [0x0000000080000000,0x0000000084d77818,0x0000000085000000)
 Metaspace       used 72406K, capacity 77110K, committed 77464K, reserved 1116160K
  class space    used 10199K, capacity 11368K, committed 11440K, reserved 1048576K
}
Event: 22.657 GC heap before
{Heap before GC invocations=19 (full 4):
 PSYoungGen      total 352768K, used 25571K [0x00000000d5580000, 0x00000000f4480000, 0x0000000100000000)
  eden space 327168K, 0% used [0x00000000d5580000,0x00000000d5580000,0x00000000e9500000)
  from space 25600K, 99% used [0x00000000e9500000,0x00000000eadf8f88,0x00000000eae00000)
  to   space 44032K, 0% used [0x00000000f1980000,0x00000000f1980000,0x00000000f4480000)
 ParOldGen       total 81920K, used 79326K [0x0000000080000000, 0x0000000085000000, 0x00000000d5580000)
  object space 81920K, 96% used [0x0000000080000000,0x0000000084d77818,0x0000000085000000)
 Metaspace       used 72406K, capacity 77110K, committed 77464K, reserved 1116160K
  class space    used 10199K, capacity 11368K, committed 11440K, reserved 1048576K
Event: 23.510 GC heap after
Heap after GC invocations=19 (full 4):
 PSYoungGen      total 352768K, used 17348K [0x00000000d5580000, 0x00000000f4480000, 0x0000000100000000)
  eden space 327168K, 0% used [0x00000000d5580000,0x00000000d5580000,0x00000000e9500000)
  from space 25600K, 67% used [0x00000000e9500000,0x00000000ea5f1240,0x00000000eae00000)
  to   space 44032K, 0% used [0x00000000f1980000,0x00000000f1980000,0x00000000f4480000)
 ParOldGen       total 152576K, used 81424K [0x0000000080000000, 0x0000000089500000, 0x00000000d5580000)
  object space 152576K, 53% used [0x0000000080000000,0x0000000084f841b8,0x0000000089500000)
 Metaspace       used 72406K, capacity 77110K, committed 77464K, reserved 1116160K
  class space    used 10199K, capacity 11368K, committed 11440K, reserved 1048576K
}
Event: 34.610 GC heap before
{Heap before GC invocations=20 (full 4):
 PSYoungGen      total 352768K, used 344516K [0x00000000d5580000, 0x00000000f4480000, 0x0000000100000000)
  eden space 327168K, 100% used [0x00000000d5580000,0x00000000e9500000,0x00000000e9500000)
  from space 25600K, 67% used [0x00000000e9500000,0x00000000ea5f1240,0x00000000eae00000)
  to   space 44032K, 0% used [0x00000000f1980000,0x00000000f1980000,0x00000000f4480000)
 ParOldGen       total 152576K, used 81424K [0x0000000080000000, 0x0000000089500000, 0x00000000d5580000)
  object space 152576K, 53% used [0x0000000080000000,0x0000000084f841b8,0x0000000089500000)
 Metaspace       used 76756K, capacity 82204K, committed 82456K, reserved 1120256K
  class space    used 10688K, capacity 11969K, committed 12080K, reserved 1048576K
Event: 34.734 GC heap after
Heap after GC invocations=20 (full 4):
 PSYoungGen      total 444416K, used 44022K [0x00000000d5580000, 0x00000000f4f80000, 0x0000000100000000)
  eden space 400384K, 0% used [0x00000000d5580000,0x00000000d5580000,0x00000000edc80000)
  from space 44032K, 99% used [0x00000000f1980000,0x00000000f447d9e8,0x00000000f4480000)
  to   space 58880K, 0% used [0x00000000edc80000,0x00000000edc80000,0x00000000f1600000)
 ParOldGen       total 152576K, used 100271K [0x0000000080000000, 0x0000000089500000, 0x00000000d5580000)
  object space 152576K, 65% used [0x0000000080000000,0x00000000861ebec8,0x0000000089500000)
 Metaspace       used 76756K, capacity 82204K, committed 82456K, reserved 1120256K
  class space    used 10688K, capacity 11969K, committed 12080K, reserved 1048576K
}
Event: 51.593 GC heap before
{Heap before GC invocations=21 (full 4):
 PSYoungGen      total 444416K, used 444406K [0x00000000d5580000, 0x00000000f4f80000, 0x0000000100000000)
  eden space 400384K, 100% used [0x00000000d5580000,0x00000000edc80000,0x00000000edc80000)
  from space 44032K, 99% used [0x00000000f1980000,0x00000000f447d9e8,0x00000000f4480000)
  to   space 58880K, 0% used [0x00000000edc80000,0x00000000edc80000,0x00000000f1600000)
 ParOldGen       total 152576K, used 100271K [0x0000000080000000, 0x0000000089500000, 0x00000000d5580000)
  object space 152576K, 65% used [0x0000000080000000,0x00000000861ebec8,0x0000000089500000)
 Metaspace       used 78709K, capacity 84196K, committed 84376K, reserved 1122304K
  class space    used 10832K, capacity 12091K, committed 12208K, reserved 1048576K
Event: 51.683 GC heap after
Heap after GC invocations=21 (full 4):
 PSYoungGen      total 459264K, used 36253K [0x00000000d5580000, 0x00000000f8580000, 0x0000000100000000)
  eden space 400384K, 0% used [0x00000000d5580000,0x00000000d5580000,0x00000000edc80000)
  from space 58880K, 61% used [0x00000000edc80000,0x00000000effe77e0,0x00000000f1600000)
  to   space 60928K, 0% used [0x00000000f4a00000,0x00000000f4a00000,0x00000000f8580000)
 ParOldGen       total 152576K, used 141784K [0x0000000080000000, 0x0000000089500000, 0x00000000d5580000)
  object space 152576K, 92% used [0x0000000080000000,0x0000000088a76068,0x0000000089500000)
 Metaspace       used 78709K, capacity 84196K, committed 84376K, reserved 1122304K
  class space    used 10832K, capacity 12091K, committed 12208K, reserved 1048576K
}
Event: 51.683 GC heap before
{Heap before GC invocations=22 (full 5):
 PSYoungGen      total 459264K, used 36253K [0x00000000d5580000, 0x00000000f8580000, 0x0000000100000000)
  eden space 400384K, 0% used [0x00000000d5580000,0x00000000d5580000,0x00000000edc80000)
  from space 58880K, 61% used [0x00000000edc80000,0x00000000effe77e0,0x00000000f1600000)
  to   space 60928K, 0% used [0x00000000f4a00000,0x00000000f4a00000,0x00000000f8580000)
 ParOldGen       total 152576K, used 141784K [0x0000000080000000, 0x0000000089500000, 0x00000000d5580000)
  object space 152576K, 92% used [0x0000000080000000,0x0000000088a76068,0x0000000089500000)
 Metaspace       used 78709K, capacity 84196K, committed 84376K, reserved 1122304K
  class space    used 10832K, capacity 12091K, committed 12208K, reserved 1048576K
Event: 53.367 GC heap after
Heap after GC invocations=22 (full 5):
 PSYoungGen      total 459264K, used 16448K [0x00000000d5580000, 0x00000000f8580000, 0x0000000100000000)
  eden space 400384K, 0% used [0x00000000d5580000,0x00000000d5580000,0x00000000edc80000)
  from space 58880K, 27% used [0x00000000edc80000,0x00000000eec90210,0x00000000f1600000)
  to   space 60928K, 0% used [0x00000000f4a00000,0x00000000f4a00000,0x00000000f8580000)
 ParOldGen       total 250368K, used 152132K [0x0000000080000000, 0x000000008f480000, 0x00000000d5580000)
  object space 250368K, 60% used [0x0000000080000000,0x00000000894912b8,0x000000008f480000)
 Metaspace       used 78709K, capacity 84196K, committed 84376K, reserved 1122304K
  class space    used 10832K, capacity 12091K, committed 12208K, reserved 1048576K
}

