# JRE version: OpenJDK Runtime Environment (8.0_242-b01) (build 1.8.0_242-release-1644-b01)
# Java VM: OpenJDK 64-Bit Server VM (25.242-b01 mixed mode windows-amd64 compressed oops)
Heap:
 PSYoungGen      total 364032K, used 341179K [0x00000000d5580000, 0x00000000ed700000, 0x0000000100000000)
  eden space 343552K, 99% used [0x00000000d5580000,0x00000000ea2aed10,0x00000000ea500000)
  from space 20480K, 0% used [0x00000000ebe00000,0x00000000ebe00000,0x00000000ed200000)
  to   space 25600K, 0% used [0x00000000ea500000,0x00000000ea500000,0x00000000ebe00000)
 ParOldGen       total 151040K, used 151027K [0x0000000080000000, 0x0000000089380000, 0x00000000d5580000)
  object space 151040K, 99% used [0x0000000080000000,0x000000008937cdd8,0x0000000089380000)
 Metaspace       used 78977K, capacity 84494K, committed 84632K, reserved 1122304K
  class space    used 10893K, capacity 12152K, committed 12208K, reserved 1048576K
GC Heap History (10 events):
Event: 38.679 GC heap before
{Heap before GC invocations=18 (full 3):
 PSYoungGen      total 364032K, used 364000K [0x00000000d5580000, 0x00000000ed700000, 0x0000000100000000)
  eden space 343552K, 100% used [0x00000000d5580000,0x00000000ea500000,0x00000000ea500000)
  from space 20480K, 99% used [0x00000000ebe00000,0x00000000ed1f8040,0x00000000ed200000)
  to   space 25600K, 0% used [0x00000000ea500000,0x00000000ea500000,0x00000000ebe00000)
 ParOldGen       total 78336K, used 41276K [0x0000000080000000, 0x0000000084c80000, 0x00000000d5580000)
  object space 78336K, 52% used [0x0000000080000000,0x000000008284f208,0x0000000084c80000)
 Metaspace       used 73619K, capacity 78330K, committed 78616K, reserved 1116160K
  class space    used 10358K, capacity 11516K, committed 11568K, reserved 1048576K
Event: 38.766 GC heap after
Heap after GC invocations=18 (full 3):
 PSYoungGen      total 369152K, used 25587K [0x00000000d5580000, 0x00000000ed700000, 0x0000000100000000)
  eden space 343552K, 0% used [0x00000000d5580000,0x00000000d5580000,0x00000000ea500000)
  from space 25600K, 99% used [0x00000000ea500000,0x00000000ebdfcfb8,0x00000000ebe00000)
  to   space 20480K, 0% used [0x00000000ebe00000,0x00000000ebe00000,0x00000000ed200000)
 ParOldGen       total 83968K, used 83725K [0x0000000080000000, 0x0000000085200000, 0x00000000d5580000)
  object space 83968K, 99% used [0x0000000080000000,0x00000000851c37d0,0x0000000085200000)
 Metaspace       used 73619K, capacity 78330K, committed 78616K, reserved 1116160K
  class space    used 10358K, capacity 11516K, committed 11568K, reserved 1048576K
}
Event: 38.766 GC heap before
{Heap before GC invocations=19 (full 4):
 PSYoungGen      total 369152K, used 25587K [0x00000000d5580000, 0x00000000ed700000, 0x0000000100000000)
  eden space 343552K, 0% used [0x00000000d5580000,0x00000000d5580000,0x00000000ea500000)
  from space 25600K, 99% used [0x00000000ea500000,0x00000000ebdfcfb8,0x00000000ebe00000)
  to   space 20480K, 0% used [0x00000000ebe00000,0x00000000ebe00000,0x00000000ed200000)
 ParOldGen       total 83968K, used 83725K [0x0000000080000000, 0x0000000085200000, 0x00000000d5580000)
  object space 83968K, 99% used [0x0000000080000000,0x00000000851c37d0,0x0000000085200000)
 Metaspace       used 73619K, capacity 78330K, committed 78616K, reserved 1116160K
  class space    used 10358K, capacity 11516K, committed 11568K, reserved 1048576K
Event: 39.657 GC heap after
Heap after GC invocations=19 (full 4):
 PSYoungGen      total 369152K, used 18868K [0x00000000d5580000, 0x00000000ed700000, 0x0000000100000000)
  eden space 343552K, 0% used [0x00000000d5580000,0x00000000d5580000,0x00000000ea500000)
  from space 25600K, 73% used [0x00000000ea500000,0x00000000eb76d100,0x00000000ebe00000)
  to   space 20480K, 0% used [0x00000000ebe00000,0x00000000ebe00000,0x00000000ed200000)
 ParOldGen       total 151040K, used 83685K [0x0000000080000000, 0x0000000089380000, 0x00000000d5580000)
  object space 151040K, 55% used [0x0000000080000000,0x00000000851b9670,0x0000000089380000)
 Metaspace       used 73619K, capacity 78330K, committed 78616K, reserved 1116160K
  class space    used 10358K, capacity 11516K, committed 11568K, reserved 1048576K
}
Event: 58.789 GC heap before
{Heap before GC invocations=20 (full 4):
 PSYoungGen      total 369152K, used 362420K [0x00000000d5580000, 0x00000000ed700000, 0x0000000100000000)
  eden space 343552K, 100% used [0x00000000d5580000,0x00000000ea500000,0x00000000ea500000)
  from space 25600K, 73% used [0x00000000ea500000,0x00000000eb76d100,0x00000000ebe00000)
  to   space 20480K, 0% used [0x00000000ebe00000,0x00000000ebe00000,0x00000000ed200000)
 ParOldGen       total 151040K, used 83685K [0x0000000080000000, 0x0000000089380000, 0x00000000d5580000)
  object space 151040K, 55% used [0x0000000080000000,0x00000000851b9670,0x0000000089380000)
 Metaspace       used 77134K, capacity 82604K, committed 82712K, reserved 1120256K
  class space    used 10720K, capacity 12009K, committed 12080K, reserved 1048576K
Event: 58.900 GC heap after
Heap after GC invocations=20 (full 4):
 PSYoungGen      total 364032K, used 20464K [0x00000000d5580000, 0x00000000ed700000, 0x0000000100000000)
  eden space 343552K, 0% used [0x00000000d5580000,0x00000000d5580000,0x00000000ea500000)
  from space 20480K, 99% used [0x00000000ebe00000,0x00000000ed1fc280,0x00000000ed200000)
  to   space 25600K, 0% used [0x00000000ea500000,0x00000000ea500000,0x00000000ebe00000)
 ParOldGen       total 151040K, used 127363K [0x0000000080000000, 0x0000000089380000, 0x00000000d5580000)
  object space 151040K, 84% used [0x0000000080000000,0x0000000087c60ff8,0x0000000089380000)
 Metaspace       used 77134K, capacity 82604K, committed 82712K, reserved 1120256K
  class space    used 10720K, capacity 12009K, committed 12080K, reserved 1048576K
}
Event: 58.900 GC heap before
{Heap before GC invocations=21 (full 5):
 PSYoungGen      total 364032K, used 20464K [0x00000000d5580000, 0x00000000ed700000, 0x0000000100000000)
  eden space 343552K, 0% used [0x00000000d5580000,0x00000000d5580000,0x00000000ea500000)
  from space 20480K, 99% used [0x00000000ebe00000,0x00000000ed1fc280,0x00000000ed200000)
  to   space 25600K, 0% used [0x00000000ea500000,0x00000000ea500000,0x00000000ebe00000)
 ParOldGen       total 151040K, used 127363K [0x0000000080000000, 0x0000000089380000, 0x00000000d5580000)
  object space 151040K, 84% used [0x0000000080000000,0x0000000087c60ff8,0x0000000089380000)
 Metaspace       used 77134K, capacity 82604K, committed 82712K, reserved 1120256K
  class space    used 10720K, capacity 12009K, committed 12080K, reserved 1048576K
Event: 59.494 GC heap after
Heap after GC invocations=21 (full 5):
 PSYoungGen      total 364032K, used 0K [0x00000000d5580000, 0x00000000ed700000, 0x0000000100000000)
  eden space 343552K, 0% used [0x00000000d5580000,0x00000000d5580000,0x00000000ea500000)
  from space 20480K, 0% used [0x00000000ebe00000,0x00000000ebe00000,0x00000000ed200000)
  to   space 25600K, 0% used [0x00000000ea500000,0x00000000ea500000,0x00000000ebe00000)
 ParOldGen       total 151040K, used 139487K [0x0000000080000000, 0x0000000089380000, 0x00000000d5580000)
  object space 151040K, 92% used [0x0000000080000000,0x0000000088837ee8,0x0000000089380000)
 Metaspace       used 77134K, capacity 82604K, committed 82712K, reserved 1120256K
  class space    used 10720K, capacity 12009K, committed 12080K, reserved 1048576K
}
Event: 66.710 GC heap before
{Heap before GC invocations=22 (full 6):
 PSYoungGen      total 364032K, used 343552K [0x00000000d5580000, 0x00000000ed700000, 0x0000000100000000)
  eden space 343552K, 100% used [0x00000000d5580000,0x00000000ea500000,0x00000000ea500000)
  from space 20480K, 0% used [0x00000000ebe00000,0x00000000ebe00000,0x00000000ed200000)
  to   space 25600K, 0% used [0x00000000ea500000,0x00000000ea500000,0x00000000ebe00000)
 ParOldGen       total 151040K, used 139487K [0x0000000080000000, 0x0000000089380000, 0x00000000d5580000)
  object space 151040K, 92% used [0x0000000080000000,0x0000000088837ee8,0x0000000089380000)
 Metaspace       used 78359K, capacity 83924K, committed 84120K, reserved 1122304K
  class space    used 10831K, capacity 12115K, committed 12208K, reserved 1048576K
Event: 68.387 GC heap after
Heap after GC invocations=22 (full 6):
 PSYoungGen      total 364032K, used 140738K [0x00000000d5580000, 0x00000000ed700000, 0x0000000100000000)
  eden space 343552K, 40% used [0x00000000d5580000,0x00000000ddef0a40,0x00000000ea500000)
  from space 20480K, 0% used [0x00000000ebe00000,0x00000000ebe00000,0x00000000ed200000)
  to   space 25600K, 0% used [0x00000000ea500000,0x00000000ea500000,0x00000000ebe00000)
 ParOldGen       total 151040K, used 151027K [0x0000000080000000, 0x0000000089380000, 0x00000000d5580000)
  object space 151040K, 99% used [0x0000000080000000,0x000000008937cdd8,0x0000000089380000)
 Metaspace       used 78359K, capacity 83924K, committed 84120K, reserved 1122304K
  class space    used 10831K, capacity 12115K, committed 12208K, reserved 1048576K
}

