# JRE version: OpenJDK Runtime Environment (8.0_242-b01) (build 1.8.0_242-release-1644-b01)
# Java VM: OpenJDK 64-Bit Server VM (25.242-b01 mixed mode windows-amd64 compressed oops)
Heap:
 PSYoungGen      total 425984K, used 26477K [0x00000000d5580000, 0x00000000f1780000, 0x0000000100000000)
  eden space 395776K, 6% used [0x00000000d5580000,0x00000000d6f5b7a0,0x00000000ed800000)
  from space 30208K, 0% used [0x00000000ed800000,0x00000000ed800000,0x00000000ef580000)
  to   space 23040K, 0% used [0x00000000ef580000,0x00000000ef580000,0x00000000f0c00000)
 ParOldGen       total 272384K, used 149742K [0x0000000080000000, 0x0000000090a00000, 0x00000000d5580000)
  object space 272384K, 54% used [0x0000000080000000,0x000000008923b8f8,0x0000000090a00000)
 Metaspace       used 90905K, capacity 97928K, committed 98072K, reserved 1134592K
  class space    used 12090K, capacity 13607K, committed 13616K, reserved 1048576K
GC Heap History (10 events):
Event: 33.435 GC heap before
{Heap before GC invocations=17 (full 4):
 PSYoungGen      total 425984K, used 30181K [0x00000000d5580000, 0x00000000f1780000, 0x0000000100000000)
  eden space 395776K, 0% used [0x00000000d5580000,0x00000000d5580000,0x00000000ed800000)
  from space 30208K, 99% used [0x00000000ed800000,0x00000000ef579428,0x00000000ef580000)
  to   space 23040K, 0% used [0x00000000ef580000,0x00000000ef580000,0x00000000f0c00000)
 ParOldGen       total 93184K, used 92769K [0x0000000080000000, 0x0000000085b00000, 0x00000000d5580000)
  object space 93184K, 99% used [0x0000000080000000,0x0000000085a98620,0x0000000085b00000)
 Metaspace       used 74084K, capacity 79060K, committed 79256K, reserved 1116160K
  class space    used 10417K, capacity 11617K, committed 11696K, reserved 1048576K
Event: 34.537 GC heap after
Heap after GC invocations=17 (full 4):
 PSYoungGen      total 425984K, used 27544K [0x00000000d5580000, 0x00000000f1780000, 0x0000000100000000)
  eden space 395776K, 0% used [0x00000000d5580000,0x00000000d5580000,0x00000000ed800000)
  from space 30208K, 91% used [0x00000000ed800000,0x00000000ef2e6308,0x00000000ef580000)
  to   space 23040K, 0% used [0x00000000ef580000,0x00000000ef580000,0x00000000f0c00000)
 ParOldGen       total 93184K, used 92763K [0x0000000080000000, 0x0000000085b00000, 0x00000000d5580000)
  object space 93184K, 99% used [0x0000000080000000,0x0000000085a96ce8,0x0000000085b00000)
 Metaspace       used 74084K, capacity 79060K, committed 79256K, reserved 1116160K
  class space    used 10417K, capacity 11617K, committed 11696K, reserved 1048576K
}
Event: 129.388 GC heap before
{Heap before GC invocations=18 (full 5):
 PSYoungGen      total 425984K, used 423320K [0x00000000d5580000, 0x00000000f1780000, 0x0000000100000000)
  eden space 395776K, 100% used [0x00000000d5580000,0x00000000ed800000,0x00000000ed800000)
  from space 30208K, 91% used [0x00000000ed800000,0x00000000ef2e6308,0x00000000ef580000)
  to   space 23040K, 0% used [0x00000000ef580000,0x00000000ef580000,0x00000000f0c00000)
 ParOldGen       total 93184K, used 92763K [0x0000000080000000, 0x0000000085b00000, 0x00000000d5580000)
  object space 93184K, 99% used [0x0000000080000000,0x0000000085a96ce8,0x0000000085b00000)
 Metaspace       used 80672K, capacity 86662K, committed 86808K, reserved 1124352K
  class space    used 10994K, capacity 12330K, committed 12336K, reserved 1048576K
Event: 132.256 GC heap after
Heap after GC invocations=18 (full 5):
 PSYoungGen      total 425984K, used 36076K [0x00000000d5580000, 0x00000000f1780000, 0x0000000100000000)
  eden space 395776K, 9% used [0x00000000d5580000,0x00000000d78bb3f0,0x00000000ed800000)
  from space 30208K, 0% used [0x00000000ed800000,0x00000000ed800000,0x00000000ef580000)
  to   space 23040K, 0% used [0x00000000ef580000,0x00000000ef580000,0x00000000f0c00000)
 ParOldGen       total 181760K, used 93076K [0x0000000080000000, 0x000000008b180000, 0x00000000d5580000)
  object space 181760K, 51% used [0x0000000080000000,0x0000000085ae52e8,0x000000008b180000)
 Metaspace       used 80672K, capacity 86662K, committed 86808K, reserved 1124352K
  class space    used 10994K, capacity 12330K, committed 12336K, reserved 1048576K
}
Event: 192.945 GC heap before
{Heap before GC invocations=19 (full 5):
 PSYoungGen      total 425984K, used 395776K [0x00000000d5580000, 0x00000000f1780000, 0x0000000100000000)
  eden space 395776K, 100% used [0x00000000d5580000,0x00000000ed800000,0x00000000ed800000)
  from space 30208K, 0% used [0x00000000ed800000,0x00000000ed800000,0x00000000ef580000)
  to   space 23040K, 0% used [0x00000000ef580000,0x00000000ef580000,0x00000000f0c00000)
 ParOldGen       total 181760K, used 93076K [0x0000000080000000, 0x000000008b180000, 0x00000000d5580000)
  object space 181760K, 51% used [0x0000000080000000,0x0000000085ae52e8,0x000000008b180000)
 Metaspace       used 82037K, capacity 88250K, committed 88600K, reserved 1126400K
  class space    used 11080K, capacity 12466K, committed 12592K, reserved 1048576K
Event: 193.107 GC heap after
Heap after GC invocations=19 (full 5):
 PSYoungGen      total 418816K, used 23038K [0x00000000d5580000, 0x00000000f1780000, 0x0000000100000000)
  eden space 395776K, 0% used [0x00000000d5580000,0x00000000d5580000,0x00000000ed800000)
  from space 23040K, 99% used [0x00000000ef580000,0x00000000f0bff8e8,0x00000000f0c00000)
  to   space 30208K, 0% used [0x00000000ed800000,0x00000000ed800000,0x00000000ef580000)
 ParOldGen       total 181760K, used 130788K [0x0000000080000000, 0x000000008b180000, 0x00000000d5580000)
  object space 181760K, 71% used [0x0000000080000000,0x0000000087fb92d8,0x000000008b180000)
 Metaspace       used 82037K, capacity 88250K, committed 88600K, reserved 1126400K
  class space    used 11080K, capacity 12466K, committed 12592K, reserved 1048576K
}
Event: 207.599 GC heap before
{Heap before GC invocations=20 (full 5):
 PSYoungGen      total 418816K, used 418814K [0x00000000d5580000, 0x00000000f1780000, 0x0000000100000000)
  eden space 395776K, 100% used [0x00000000d5580000,0x00000000ed800000,0x00000000ed800000)
  from space 23040K, 99% used [0x00000000ef580000,0x00000000f0bff8e8,0x00000000f0c00000)
  to   space 30208K, 0% used [0x00000000ed800000,0x00000000ed800000,0x00000000ef580000)
 ParOldGen       total 181760K, used 130788K [0x0000000080000000, 0x000000008b180000, 0x00000000d5580000)
  object space 181760K, 71% used [0x0000000080000000,0x0000000087fb92d8,0x000000008b180000)
 Metaspace       used 89583K, capacity 96616K, committed 96920K, reserved 1132544K
  class space    used 11932K, capacity 13447K, committed 13488K, reserved 1048576K
Event: 207.707 GC heap after
Heap after GC invocations=20 (full 5):
 PSYoungGen      total 425984K, used 30180K [0x00000000d5580000, 0x00000000f1780000, 0x0000000100000000)
  eden space 395776K, 0% used [0x00000000d5580000,0x00000000d5580000,0x00000000ed800000)
  from space 30208K, 99% used [0x00000000ed800000,0x00000000ef579118,0x00000000ef580000)
  to   space 23040K, 0% used [0x00000000ef580000,0x00000000ef580000,0x00000000f0c00000)
 ParOldGen       total 181760K, used 180297K [0x0000000080000000, 0x000000008b180000, 0x00000000d5580000)
  object space 181760K, 99% used [0x0000000080000000,0x000000008b0125a8,0x000000008b180000)
 Metaspace       used 89583K, capacity 96616K, committed 96920K, reserved 1132544K
  class space    used 11932K, capacity 13447K, committed 13488K, reserved 1048576K
}
Event: 207.707 GC heap before
{Heap before GC invocations=21 (full 6):
 PSYoungGen      total 425984K, used 30180K [0x00000000d5580000, 0x00000000f1780000, 0x0000000100000000)
  eden space 395776K, 0% used [0x00000000d5580000,0x00000000d5580000,0x00000000ed800000)
  from space 30208K, 99% used [0x00000000ed800000,0x00000000ef579118,0x00000000ef580000)
  to   space 23040K, 0% used [0x00000000ef580000,0x00000000ef580000,0x00000000f0c00000)
 ParOldGen       total 181760K, used 180297K [0x0000000080000000, 0x000000008b180000, 0x00000000d5580000)
  object space 181760K, 99% used [0x0000000080000000,0x000000008b0125a8,0x000000008b180000)
 Metaspace       used 89583K, capacity 96616K, committed 96920K, reserved 1132544K
  class space    used 11932K, capacity 13447K, committed 13488K, reserved 1048576K
Event: 208.369 GC heap after
Heap after GC invocations=21 (full 6):
 PSYoungGen      total 425984K, used 0K [0x00000000d5580000, 0x00000000f1780000, 0x0000000100000000)
  eden space 395776K, 0% used [0x00000000d5580000,0x00000000d5580000,0x00000000ed800000)
  from space 30208K, 0% used [0x00000000ed800000,0x00000000ed800000,0x00000000ef580000)
  to   space 23040K, 0% used [0x00000000ef580000,0x00000000ef580000,0x00000000f0c00000)
 ParOldGen       total 272384K, used 149742K [0x0000000080000000, 0x0000000090a00000, 0x00000000d5580000)
  object space 272384K, 54% used [0x0000000080000000,0x000000008923b8f8,0x0000000090a00000)
 Metaspace       used 89583K, capacity 96616K, committed 96920K, reserved 1132544K
  class space    used 11932K, capacity 13447K, committed 13488K, reserved 1048576K
}

